[mié 31 dic, 20:08:39]- SUPER USUARIO ... Error al CERRAR la CONEXION con el MOTOR de la BD
Este es el mensaje de error: 
 
Access violation
ooo OOOOOOOOOOOOOOOOOOOOOOOOOOOOOOOOOOOOOOOOOOOOOOOOOOOOOOOOOOOOOOOOO 000
 

[mié 31 dic, 20:08:39]- SUPER USUARIO ... Error al ABRIR la TABLA SQLQuery_Pelis
Este es el mensaje de error: 
 
Access violation
ooo OOOOOOOOOOOOOOOOOOOOOOOOOOOOOOOOOOOOOOOOOOOOOOOOOOOOOOOOOOOOOOOOO 000
 

[mié 31 dic, 20:08:39]- SUPER USUARIO ... Error al CERRAR la CONEXION con el MOTOR de la BD
Este es el mensaje de error: 
 
Access violation
ooo OOOOOOOOOOOOOOOOOOOOOOOOOOOOOOOOOOOOOOOOOOOOOOOOOOOOOOOOOOOOOOOOO 000
 

[mié 31 dic, 20:18:05]- SUPER USUARIO ... Error al CERRAR la CONEXION con el MOTOR de la BD
Este es el mensaje de error: 
 
Access violation
ooo OOOOOOOOOOOOOOOOOOOOOOOOOOOOOOOOOOOOOOOOOOOOOOOOOOOOOOOOOOOOOOOOO 000
 

[mié 31 dic, 20:18:05]- SUPER USUARIO ... Error al ABRIR la TABLA SQLQuery_Pelis
Este es el mensaje de error: 
 
Access violation
ooo OOOOOOOOOOOOOOOOOOOOOOOOOOOOOOOOOOOOOOOOOOOOOOOOOOOOOOOOOOOOOOOOO 000
 

[mié 31 dic, 20:18:05]- SUPER USUARIO ... Error al CERRAR la CONEXION con el MOTOR de la BD
Este es el mensaje de error: 
 
Access violation
ooo OOOOOOOOOOOOOOOOOOOOOOOOOOOOOOOOOOOOOOOOOOOOOOOOOOOOOOOOOOOOOOOOO 000
 

